<?xml version="1.0" encoding="UTF-8"?>
<!-- Generated by org.testng.reporters.JUnitReportReporter -->
<testsuite hostname="BLRKEC319133L" name="methodclass.LoginpageClass" tests="1" failures="0" timestamp="20 Jul 2020 13:23:49 GMT" time="0.006" errors="0">
  <testcase name="logintoFlipkart" time="0.006" classname="methodclass.LoginpageClass"/>
</testsuite> <!-- methodclass.LoginpageClass -->
