<?xml version="1.0" encoding="UTF-8"?>
<!-- Generated by org.testng.reporters.JUnitReportReporter -->
<testsuite hostname="BLRKEC319133L" name="tests.PurchaseProduct" tests="2" failures="0" timestamp="22 Jul 2020 08:49:05 GMT" time="51.882" errors="0">
  <testcase name="buyProduct" time="22.057" classname="tests.PurchaseProduct"/>
  <testcase name="buyProduct" time="29.825" classname="tests.PurchaseProduct"/>
</testsuite> <!-- tests.PurchaseProduct -->
