<?xml version="1.0" encoding="UTF-8"?>
<!-- Generated by org.testng.reporters.JUnitReportReporter -->
<testsuite hostname="BLRKEC319133L" name="tests.BuyProduct" tests="1" failures="0" timestamp="21 Jul 2020 08:02:27 GMT" time="9.036" errors="0">
  <testcase name="buyProduct" time="9.036" classname="tests.BuyProduct"/>
</testsuite> <!-- tests.BuyProduct -->
